License checkout took 0.024 sec
License checkout took 0.026 sec
Momentum MomEngine_64 2026.00.252 (*) built: Jun 24 2025
Copyright  1992 - 2025 Keysight Technologies
Simulation started on: Sat Feb 14 20:06:39 2026
Simulation Mode: uW
Substrate valid
Using the minimal snap distance of 0.0004 mm
(4 layout resolution points) for layout healing.
Layout simplification started
.........|.........|.........|.........| 
Layout simplification finished
Generating mesh at 10 GHz...
S-parameter simulation
S-parameter simulation started
...initializing
...extracting layout
...analyzing ports
...reducing mesh
Automatic selection: direct dense matrix solver
Using multi-threading (96 threads)
Matrix size: 65 (reduced: 47)

--- WARNING -------------------------------------------------------------------

Port 1 does not have an explicit reference pin, 
S-parameters may become unphysical at higher frequencies.

-------------------------------------------------------------------------------

--- WARNING -------------------------------------------------------------------

Port 2 does not have an explicit reference pin, 
S-parameters may become unphysical at higher frequencies.

-------------------------------------------------------------------------------

--- WARNING -------------------------------------------------------------------

Port 3 does not have an explicit reference pin, 
S-parameters may become unphysical at higher frequencies.

-------------------------------------------------------------------------------

--- WARNING -------------------------------------------------------------------

Port 4 does not have an explicit reference pin, 
S-parameters may become unphysical at higher frequencies.

-------------------------------------------------------------------------------

--- WARNING -------------------------------------------------------------------

Port 5 does not have an explicit reference pin, 
S-parameters may become unphysical at higher frequencies.

-------------------------------------------------------------------------------

--- WARNING -------------------------------------------------------------------

Port 6 does not have an explicit reference pin, 
S-parameters may become unphysical at higher frequencies.

-------------------------------------------------------------------------------

--- WARNING -------------------------------------------------------------------

Port 7 does not have an explicit reference pin, 
S-parameters may become unphysical at higher frequencies.

-------------------------------------------------------------------------------

--- WARNING -------------------------------------------------------------------

Port 8 does not have an explicit reference pin, 
S-parameters may become unphysical at higher frequencies.

-------------------------------------------------------------------------------

--- WARNING -------------------------------------------------------------------

Port 9 does not have an explicit reference pin, 
S-parameters may become unphysical at higher frequencies.

-------------------------------------------------------------------------------
Simulation temperature: 298.15 K
Adaptive frequency sweep started
Simulation frequency [1] = 0 Hz
...loading Green functions
...creating Basis sections
...allocating interaction matrix
...loading interaction matrix
.........|.........|.........|.........| 
...solving interaction matrix
.........|.........|.........|.........| 
...calculating S-parameters
Simulation frequency [2] = 10 GHz
...loading Green functions
...loading interaction matrix
.........|.........|.........|.........| 
...solving interaction matrix
.........|.........|.........|.........| 
...calculating S-parameters
Adaptive:   0.0 % of frequency range covered
Simulation frequency [3] = 6.66667 GHz
...loading Green functions
...loading interaction matrix
.........|.........|.........|.........| 
...solving interaction matrix
.........|.........|.........|.........| 
...calculating S-parameters

--- WARNING -------------------------------------------------------------------

S-parameter data show unphysical behavior for certain frequencies.
Cause        : - electrically large port size
               - electrically large via using lumped model
               - mesh density is too coarse
               - matrix solver compression is too high
               - inaccurate (high frequency) calibration

-------------------------------------------------------------------------------
Simulation frequency [4] = 3.33333 GHz
...loading Green functions
...loading interaction matrix
.........|.........|.........|.........| 
...solving interaction matrix
.........|.........|.........|.........| 
...calculating S-parameters
Simulation frequency [5] = 555.556 MHz
...loading Green functions
...loading interaction matrix
.........|.........|.........|.........| 
...solving interaction matrix
.........|.........|.........|.........| 
...calculating S-parameters
Simulation frequency [6] = 7.22222 GHz
...loading Green functions
...loading interaction matrix
.........|.........|.........|.........| 
...solving interaction matrix
.........|.........|.........|.........| 
...calculating S-parameters
Simulation frequency [7] = 7.68519 GHz
...loading Green functions
...loading interaction matrix
.........|.........|.........|.........| 
...solving interaction matrix
.........|.........|.........|.........| 
...calculating S-parameters
Simulation frequency [8] = 92.5926 MHz
...loading Green functions
...loading interaction matrix
.........|.........|.........|.........| 
...solving interaction matrix
.........|.........|.........|.........| 
...calculating S-parameters
Simulation frequency [9] = 9.2284 GHz
...loading Green functions
...loading interaction matrix
.........|.........|.........|.........| 
...solving interaction matrix
.........|.........|.........|.........| 
...calculating S-parameters
Simulation frequency [10] = 1.48148 GHz
...loading Green functions
...loading interaction matrix
.........|.........|.........|.........| 
...solving interaction matrix
.........|.........|.........|.........| 
...calculating S-parameters
Simulation frequency [11] = 7.29938 GHz
...loading Green functions
...loading interaction matrix
.........|.........|.........|.........| 
...solving interaction matrix
.........|.........|.........|.........| 
...calculating S-parameters
Adaptive: 100.0 % of frequency range covered
S-parameter simulation finished
Simulation finished on: Sat Feb 14 20:06:41 2026
