License checkout took 0.023 sec
License checkout took 0.015 sec
Momentum MomEngine_64 2026.00.252 (*) built: Jun 24 2025
Copyright  1992 - 2025 Keysight Technologies
Simulation started on: Sat Feb 14 21:00:04 2026
Simulation Mode: RF
Substrate valid
Using the minimal snap distance of 0.0004 mm
(4 layout resolution points) for layout healing.
Layout simplification started
.........|.........|.........|.........| 
Layout simplification finished
Generating mesh at 10 GHz...
S-parameter simulation
S-parameter simulation started
...initializing
...extracting layout

--- WARNING -------------------------------------------------------------------

Layout is electrically large above 4.05 GHz (space wave radiation)

-------------------------------------------------------------------------------

--- WARNING -------------------------------------------------------------------

Substrate is electrically large above 91.1 GHz (surface wave radiation)
RF simulation can be less accurate as it ignores radiation
Consider:  - lowering the maximum frequency
           - simulating in MW mode

-------------------------------------------------------------------------------
...reducing mesh
Automatic selection: direct dense matrix solver
Using multi-threading (96 threads)
Matrix size: 51 (reduced: 47)

--- WARNING -------------------------------------------------------------------

Port 1 does not have an explicit reference pin, 
S-parameters may become unphysical at higher frequencies.

-------------------------------------------------------------------------------

--- WARNING -------------------------------------------------------------------

Port 2 does not have an explicit reference pin, 
S-parameters may become unphysical at higher frequencies.

-------------------------------------------------------------------------------
Simulation temperature: 298.15 K
Adaptive frequency sweep started
Simulation frequency [1] = 0 Hz
...loading Green functions
...creating Basis sections
...allocating interaction matrix
...loading quasi-static matrix
.........|.........|.........|.........| 
...solving interaction matrix
.........|.........|.........|.........| 
...calculating S-parameters
Simulation frequency [2] = 10 GHz
...solving interaction matrix
.........|.........|.........|.........| 
...calculating S-parameters
Adaptive:   0.0 % of frequency range covered
Simulation frequency [3] = 6.66667 GHz
...solving interaction matrix
.........|.........|.........|.........| 
...calculating S-parameters
Simulation frequency [4] = 3.33333 GHz
...solving interaction matrix
.........|.........|.........|.........| 
...calculating S-parameters
Simulation frequency [5] = 1.66667 GHz
...solving interaction matrix
.........|.........|.........|.........| 
...calculating S-parameters
Simulation frequency [6] = 833.333 MHz
...solving interaction matrix
.........|.........|.........|.........| 
...calculating S-parameters
Simulation frequency [7] = 416.667 MHz
...solving interaction matrix
.........|.........|.........|.........| 
...calculating S-parameters
Simulation frequency [8] = 5 GHz
...solving interaction matrix
.........|.........|.........|.........| 
...calculating S-parameters
Simulation frequency [9] = 7.22222 GHz
...solving interaction matrix
.........|.........|.........|.........| 
...calculating S-parameters
Simulation frequency [10] = 7.68519 GHz
...solving interaction matrix
.........|.........|.........|.........| 
...calculating S-parameters
Simulation frequency [11] = 9.2284 GHz
...solving interaction matrix
.........|.........|.........|.........| 
...calculating S-parameters
Simulation frequency [12] = 4.16667 GHz
...solving interaction matrix
.........|.........|.........|.........| 
...calculating S-parameters
Simulation frequency [13] = 8.45679 GHz
...solving interaction matrix
.........|.........|.........|.........| 
...calculating S-parameters
Adaptive: 100.0 % of frequency range covered
S-parameter simulation finished
Simulation finished on: Sat Feb 14 21:00:04 2026
The simulation results have been saved in dataset "switch_layout_lumped_MomRF".
