==============================================================================

                  ------ MOMENTUM STATISTICS (MW mode) ------

              Momentum MomEngine_64 2026.00.252 (*) built: Jun 24 2025
                           Tue Mar 17 11:50:20 2026

==============================================================================


------------------------------------------------------------------------------
MESH
------------------------------------------------------------------------------
 Frequency          : 10 GHz

 Rectangular cells  : 32
 Quadrangular cells : 66
 Triangular cells   : 180
 Via cells          : 36

 Edge currents      : 457

------------------------------------------------------------------------------
SOLVER                        USER TIME      ELAPSED TIME      MEMORY         
PROCESSES                      (h:m:s)          (h:m:s)         (MB)          
------------------------------------------------------------------------------

SIMULATION SET-UP
-----------------
 Initialization           |     0: 0: 0   |     0: 0: 0   |     32.89   
 Ports analysis           |     0: 0: 0   |     0: 0: 0   |      0.51   
 Mesh processing          |     0: 0: 0   |     0: 0: 0   |      6.76   

 Matrix size : 567
 Reduced matrix size : 296
 Estimated process size is below 256.00 MB

 Simulation temperature : 298.15 K

1. SIMULATION FREQUENCY = 0 Hz 
-------------------------
 Green functions          |     0: 0: 0   |     0: 0: 0   |      5.69   
 Basis creation           |     0: 0: 0   |     0: 0: 0   |      9.84   
 Matrix load              |     0: 0: 3   |     0: 0: 0   |     75.88   
 Matrix solve             |     0: 0: 9   |     0: 0: 0   |      0.00   
 S parameters             |     0: 0: 2   |     0: 0: 0   |      0.00   
 Data storage             |     0: 0: 2   |     0: 0: 0   |      0.00   

2. SIMULATION FREQUENCY = 10 GHz 
-------------------------
 Green functions          |     0: 0: 2   |     0: 0: 1   |      0.00   
 Matrix load              |     0: 0: 6   |     0: 0: 0   |      6.01   
 Matrix solve             |     0: 0: 5   |     0: 0: 0   |      0.00   
 S parameters             |     0: 0: 2   |     0: 0: 0   |      0.00   
 Data storage             |     0: 0: 1   |     0: 0: 0   |      0.00   
 Adaptive sampling        |     0: 0: 0   |     0: 0: 0   |      0.00   

3. SIMULATION FREQUENCY = 6.66667 GHz 
-------------------------
 Green functions          |     0: 0: 2   |     0: 0: 0   |      0.00   
 Matrix load              |     0: 0: 7   |     0: 0: 0   |      0.00   
 Matrix solve             |     0: 0: 6   |     0: 0: 0   |      0.00   
 S parameters             |     0: 0: 2   |     0: 0: 0   |      0.00   
 Data storage             |     0: 0: 1   |     0: 0: 0   |      0.00   
 Adaptive sampling        |     0: 0: 0   |     0: 0: 0   |      0.00   

4. SIMULATION FREQUENCY = 3.33333 GHz 
-------------------------
 Green functions          |     0: 0: 2   |     0: 0: 0   |      0.00   
 Matrix load              |     0: 0: 7   |     0: 0: 1   |      0.00   
 Matrix solve             |     0: 0: 0   |     0: 0: 0   |      0.00   
 S parameters             |     0: 0: 1   |     0: 0: 0   |      0.00   
 Data storage             |     0: 0: 0   |     0: 0: 0   |      0.00   
 Adaptive sampling        |     0: 0: 7   |     0: 0: 0   |      0.00   

5. SIMULATION FREQUENCY = 1.66667 GHz 
-------------------------
 Green functions          |     0: 0: 1   |     0: 0: 0   |      0.00   
 Matrix load              |     0: 0: 2   |     0: 0: 0   |      3.23   
 Matrix solve             |     0: 0: 1   |     0: 0: 0   |      0.00   
 S parameters             |     0: 0: 0   |     0: 0: 0   |      0.00   
 Data storage             |     0: 0: 1   |     0: 0: 0   |      0.00   
 Adaptive sampling        |     0: 0: 1   |     0: 0: 0   |      0.00   

------------------------------------------------------------------------------
TOTALS
------------------------------------------------------------------------------
 Nr of Frequencies   : 5 

 Physical memory :    140.80 MB
 Virtual memory  :    313.73 MB
 Page faults     :       103736
 User Time       :    0h 1m14s
 Elapsed Time    :    0h 0m 2s

==============================================================================

