License checkout took 0.027 sec
License checkout took 0.015 sec
Momentum MomEngine_64 2026.00.252 (*) built: Jun 24 2025
Copyright  1992 - 2025 Keysight Technologies
Simulation started on: Tue Mar 10 15:40:09 2026
Simulation Mode: uW
Substrate valid
Using the minimal snap distance of 0.0004 mm
(4 layout resolution points) for layout healing.

--- WARNING -------------------------------------------------------------------

Layout healing changed the layout. The actual
highest aggregate snap distance was 0.0002 mm.
Further details have been written to the DRC
report.

-------------------------------------------------------------------------------
Layout simplification started
.........|.........|.........|.........| 
Layout simplification finished
Generating mesh at 10 GHz...
S-parameter simulation
S-parameter simulation started
...initializing
...extracting layout
...analyzing ports
...reducing mesh
Automatic selection: direct dense matrix solver
Using multi-threading (96 threads)
Matrix size: 62 (reduced: 43)
Simulation temperature: 298.15 K
Adaptive frequency sweep started
Simulation frequency [1] = 0 Hz
...loading Green functions
...creating Basis sections
...allocating interaction matrix
...loading interaction matrix
.........|.........|.........|.........| 
...solving interaction matrix
.........|.........|.........|.........| 
...calculating S-parameters
Simulation frequency [2] = 10 GHz
...loading Green functions
...loading interaction matrix
.........|.........|.........|.........| 
...solving interaction matrix
.........|.........|.........|.........| 
...calculating S-parameters
Adaptive:   0.0 % of frequency range covered
Simulation frequency [3] = 6.66667 GHz
...loading Green functions
...loading interaction matrix
.........|.........|.........|.........| 
...solving interaction matrix
.........|.........|.........|.........| 
...calculating S-parameters
Simulation frequency [4] = 3.33333 GHz
...loading Green functions
...loading interaction matrix
.........|.........|.........|.........| 
...solving interaction matrix
.........|.........|.........|.........| 
...calculating S-parameters
Adaptive: 100.0 % of frequency range covered
S-parameter simulation finished
Simulation finished on: Tue Mar 10 15:40:10 2026
The simulation results have been saved in dataset "switch_lumped_diode_mode_MomUW".
