; Top Design: "PIN_SWITCH_lib:switch_lumped_diode_mode:schematic"
; Netlisted using Hierarchy Policy: "Standard"

Options ResourceUsage=yes UseNutmegFormat=no EnableOptim=no TopDesignName="PIN_SWITCH_lib:switch_lumped_diode_mode:schematic" DcopOutputNodeVoltages=yes DcopOutputPinCurrents=yes DcopOutputAllSweepPoints=no DcopOutputDcopType=0
; Library Name: PIN_SWITCH_lib
; Cell Name: final_march10
; View Name: emModel
define final_march10 ( P1  P2  P3  P4  P5  P6  P7  P8  P9  P10  P11  P12  P13  P14  P15  P16  P17  P18  P19  P20  P21  P22  P23  P24  P25  P26  P27  P28  P29  P30  P31  P32  P33  P34  P35  P36  P37  P38  ref=0 ) 
;parameters 
; MomCmpt model has node 0 as implicit reference. Ref node will be ignored and assumed to be grounded!
em_data_name="PIN_SWITCH_lib:final_march10:emModel"
MomCmpt:em_data  P1 P2 P3 P4 P5 P6 P7 P8 P9 P10 \
   P11 P12 P13 P14 P15 P16 P17 P18 P19 P20 \
   P21 P22 P23 P24 P25 P26 P27 P28 P29 P30 \
   P31 P32 P33 P34 P35 P36 P37 P38 \
    name=em_data_name \
    paramFile="" \
    modelFile="D:/DBTech/21EC33002/ADS/MTP_II/PIN_SWITCH/PIN_SWITCH_lib/final_march10/em%Model/model.ndx" \
    ModelReuse=1 \
    ModelType="MOMMW" \
    ExtrapolationMode="linear" \
    EnforcePassivity=-1
end final_march10

#uselib "ckt" , "S2P"
S2P:SNP8  N__20 N__11 0 File="D:\DBTech\21EC33002\inductors\LQG15HS22NH02_series_22nH.s2p" Type="touchstone" Block="ind_270nH" InterpMode="linear" InterpDom="" ExtrapMode="constant" Temp=27.0 CheckPassivity=0 
Short:TL1  N__1 N__4 Mode=0 SaveCurrent=no
MLIN2:TL2  N__8 N__7 Subst="MSub1" W=W50 mm L=LenL mm Wall1=2.5000000000000002e+28 mm Wall2=2.5000000000000002e+28 mm Mod=1 
MLIN2:TL3  N__7 N__9 Subst="MSub1" W=W50 mm L=LenR mm Wall1=2.5000000000000002e+28 mm Wall2=2.5000000000000002e+28 mm Mod=1 
MLIN2:TL4  N__17 N__5 Subst="MSub1" W=W50 mm L=1 mm Wall1=2.5000000000000002e+28 mm Wall2=2.5000000000000002e+28 mm Mod=1 
MLIN2:TL5  N__8 N__21 Subst="MSub1" W=paraW mm L=paraLen mm Wall1=2.5000000000000002e+28 mm Wall2=2.5000000000000002e+28 mm Mod=1 
#uselib "nxp_rf_smallSignal" , "rfss_v2_4_lib_bap64_02_spice_schematic"
"rfss_v2_4_lib_bap64_02_spice_schematic":D11  0 N__3 
#uselib "ckt" , "S2P"
S2P:SNP7  0 N__20 0 File="D:\DBTech\21EC33002\capacitors\0603\CAP_VIS_0603_001_20milRogers4003C_6p8pF_model.s2p" Type="touchstone" Block="cap_150pF" InterpMode="linear" InterpDom="" ExtrapMode="constant" Temp=27.0 CheckPassivity=0 
R:R2  N__15 N__20 R=500 Ohm Noise=yes 
model MSub1 MSUB H=0.203 mm Er=3.55 Mur=1 Cond=1.0E+50 Hu=1e+33 mm T=17 um TanD=0.0027 Rough=0 mm DielectricLossModel=1 FreqForEpsrTanD=1.0 GHz LowFreqForTanD=1.0 kHz HighFreqForTanD=1.0 THz RoughnessModel=2 
S_Param:SP1 CalcS=yes CalcY=no CalcZ=no GroupDelayAperture=1e-4 FreqConversion=no FreqConversionPort=1 StatusLevel=2 CalcNoise=no SortNoise=0 BandwidthForNoise=1.0 Hz DevOpPtLevel=0 SPSS_WSP=yes \
SweepVar="freq" SweepPlan="SP1_stim" OutputPlan="SP1_Output" 

SweepPlan: SP1_stim Center=2.4 GHz Span=4 GHz Lin=201 

OutputPlan:SP1_Output \
      Type="Output" \
      UseEquationNestLevel=yes \
      EquationNestLevel=2 \
      UseSavedEquationNestLevel=yes \
      SavedEquationNestLevel=2

#load "python","LinearCollapse"
Component Module="LinearCollapse" Type="ModelExtractor" NetworkRepresentation=2
#uselib "ckt" , "S2P"
S2P:SNP1  0 N__10 0 File="D:\DBTech\21EC33002\capacitors\0603\CAP_VIS_0603_001_20milRogers4003C_6p8pF_model.s2p" Type="touchstone" Block="cap_150pF" InterpMode="linear" InterpDom="" ExtrapMode="constant" Temp=27.0 CheckPassivity=0 
#uselib "ckt" , "S2P"
S2P:SNP2  N__10 N__7 0 File="D:\DBTech\21EC33002\inductors\LQG15HS22NH02_series_22nH.s2p" Type="touchstone" Block="ind_270nH" InterpMode="linear" InterpDom="" ExtrapMode="constant" Temp=27.0 CheckPassivity=0 
#uselib "nxp_rf_smallSignal" , "rfss_v2_4_lib_bap64_02_spice_schematic"
"rfss_v2_4_lib_bap64_02_spice_schematic":D10  0 N__21 
MLIN2:TL10  N__12 N__3 Subst="MSub1" W=paraW mm L=paraLen mm Wall1=2.5000000000000002e+28 mm Wall2=2.5000000000000002e+28 mm Mod=1 
MLIN2:TL9  N__11 N__19 Subst="MSub1" W=W50 mm L=LenR mm Wall1=2.5000000000000002e+28 mm Wall2=2.5000000000000002e+28 mm Mod=1 
#uselib "ckt" , "S2P"
S2P:SNP5  N__4 N__8 0 File="D:\DBTech\21EC33002\capacitors\0603\CAP_VIS_0603_001_20milRogers4003C_6p8pF_model.s2p" Type="touchstone" Block="cap_6.8pF" InterpMode="linear" InterpDom="" ExtrapMode="constant" Temp=27.0 CheckPassivity=0 
#uselib "ckt" , "S2P"
S2P:SNP6  N__9 N__17 0 File="D:\DBTech\21EC33002\capacitors\0603\CAP_VIS_0603_001_20milRogers4003C_6p8pF_model.s2p" Type="touchstone" Block="cap_6.8pF" InterpMode="linear" InterpDom="" ExtrapMode="constant" Temp=27.0 CheckPassivity=0 
MLIN2:TL8  N__12 N__11 Subst="MSub1" W=W50 mm L=LenL mm Wall1=2.5000000000000002e+28 mm Wall2=2.5000000000000002e+28 mm Mod=1 
Short:TL7  N__0 N__2 Mode=0 SaveCurrent=no
MLIN2:TL6  N__13 N__14 Subst="MSub1" W=W50 mm L=1 mm Wall1=2.5000000000000002e+28 mm Wall2=2.5000000000000002e+28 mm Mod=1 
V_Source:SRC2  N__15 0 Type="V_DC" Vdc=0 V SaveCurrent=1 
Port:TermG1  N__1 0 Num=1 Z=50 Ohm Noise=yes 
Port:TermG2  N__5 0 Num=2 Z=50 Ohm Noise=yes 
R:R1  N__18 N__10 R=500 Ohm Noise=yes 

LenR=12.7 tune{ 0 to 180 by 0.1 }
W50=0.45 tune{ 0.2 to 180 by 0.05 }
paraLen=17.3 tune{ 0 to 180 by 0.1 }
paraW=0.25 tune{ 0.2 to 180 by 0.05 }
LenL=7.35 tune{ 0 to 180 by 0.1 }
V_Source:SRC1  N__18 0 Type="V_DC" Vdc=4.6 V SaveCurrent=1 
#uselib "ckt" , "S2P"
S2P:SNP9  N__2 N__12 0 File="D:\DBTech\21EC33002\capacitors\0603\CAP_VIS_0603_001_20milRogers4003C_6p8pF_model.s2p" Type="touchstone" Block="cap_6.8pF" InterpMode="linear" InterpDom="" ExtrapMode="constant" Temp=27.0 CheckPassivity=0 
#uselib "ckt" , "S2P"
S2P:SNP10  N__19 N__13 0 File="D:\DBTech\21EC33002\capacitors\0603\CAP_VIS_0603_001_20milRogers4003C_6p8pF_model.s2p" Type="touchstone" Block="cap_6.8pF" InterpMode="linear" InterpDom="" ExtrapMode="constant" Temp=27.0 CheckPassivity=0 
Port:TermG3  N__0 0 Num=3 Z=50 Ohm Noise=yes 
Port:TermG4  N__14 0 Num=4 Z=50 Ohm Noise=yes 
V_Source:SRC3  N__22 0 Type="V_DC" Vdc=4.6 V SaveCurrent=1 
R:R3  N__22 N__31 R=300 Ohm Noise=yes 
#uselib "ckt" , "S2P"
S2P:SNP11  N__31 N__34 0 File="D:\DBTech\21EC33002\inductors\LQG15HS18NJ02_series_18nH.s2p" Type="touchstone" Block="18nH" InterpMode="linear" InterpDom="" ExtrapMode="constant" Temp=27.0 CheckPassivity=0 
#uselib "ckt" , "S2P"
S2P:SNP12  0 N__31 0 File="D:\DBTech\21EC33002\capacitors\0603\CAP_VIS_0603_001_20milRogers4003C_4p3pF_model.s2p" Type="touchstone" Block="4.3 pF" InterpMode="linear" InterpDom="" ExtrapMode="constant" Temp=27.0 CheckPassivity=0 
#uselib "nxp_rf_smallSignal" , "rfss_v2_4_lib_bap64_02_spice_schematic"
"rfss_v2_4_lib_bap64_02_spice_schematic":D5  N__32 N__34 
Port:TermG5  N__23 0 Num=5 Z=50 Ohm Noise=yes 
Port:TermG6  N__41 0 Num=6 Z=50 Ohm Noise=yes 
#uselib "ckt" , "S2P"
S2P:SNP35  N__45 N__47 0 File="D:\DBTech\21EC33002\inductors\LQG15HS22NH02_series_22nH.s2p" Type="touchstone" Block="ind_270nH" InterpMode="linear" InterpDom="" ExtrapMode="constant" Temp=27.0 CheckPassivity=0 
#uselib "ckt" , "S2P"
S2P:SNP27  N__34 N__24 N__25 File="D:\DBTech\21EC33002\inductors\LQG15HS12NH02_series_12nH.s2p" Type="touchstone" Block="ind_270nH" InterpMode="linear" InterpDom="" ExtrapMode="constant" Temp=27.0 CheckPassivity=0 
#uselib "ckt" , "S2P"
S2P:SNP28  N__24 N__63 0 File="D:\DBTech\21EC33002\capacitors\0603\CAP_VIS_0603_001_20milRogers4003C_6p8pF_model.s2p" Type="touchstone" Block="cap_6.8pF" InterpMode="linear" InterpDom="" ExtrapMode="constant" Temp=27.0 CheckPassivity=0 
#uselib "ckt" , "S2P"
S2P:SNP34  0 N__45 0 File="D:\DBTech\21EC33002\capacitors\0603\CAP_VIS_0603_001_20milRogers4003C_6p8pF_model.s2p" Type="touchstone" Block="cap_150pF" InterpMode="linear" InterpDom="" ExtrapMode="constant" Temp=27.0 CheckPassivity=0 
MLIN2:TL15  N__39 N__47 Subst="MSub1" W=ww mm L=l3 mm Wall1=2.5000000000000002e+28 mm Wall2=2.5000000000000002e+28 mm Mod=1 

ll=10.5 tune{ 0 to 50 by 0.1 }
l3=2.7755575615628914e-17 tune{ 0 to 50 by 0.1 }
l4=0 tune{ 0 to 50 by 0.1 }
wa=0.25 tune{ 0 to 50 by 0.05 }
l1=20.5 tune{ 0 to 50 by 0.1 }
l2=21.5 tune{ 0 to 50 by 0.1 }
ww=1.3 tune{ 0 to 5 by 0.05 }
#uselib "ckt" , "S2P"
S2P:SNP37  N__6 N__46 0 File="D:\DBTech\21EC33002\inductors\LQG15HS22NH02_series_22nH.s2p" Type="touchstone" Block="ind_270nH" InterpMode="linear" InterpDom="" ExtrapMode="constant" Temp=27.0 CheckPassivity=0 
MLIN2:TL17  N__52 N__46 Subst="MSub1" W=ww mm L=l3 mm Wall1=2.5000000000000002e+28 mm Wall2=2.5000000000000002e+28 mm Mod=1 
MLIN2:TL14  N__37 N__33 Subst="MSub1" W=wa mm L=l2 mm Wall1=2.5000000000000002e+28 mm Wall2=2.5000000000000002e+28 mm Mod=1 
MLIN2:TL20  N__46 N__55 Subst="MSub1" W=wa mm L=l1 mm Wall1=2.5000000000000002e+28 mm Wall2=2.5000000000000002e+28 mm Mod=1 
MLIN2:TL19  N__38 N__42 Subst="MSub1" W=wa mm L=l2 mm Wall1=2.5000000000000002e+28 mm Wall2=2.5000000000000002e+28 mm Mod=1 
#uselib "nxp_rf_smallSignal" , "rfss_v2_4_lib_bap64_02_spice_schematic"
"rfss_v2_4_lib_bap64_02_spice_schematic":D7  N__33 N__47 
Short:DC_Block1  N__29 N__40 Mode=1 
#uselib "ckt" , "S2P"
S2P:SNP36  0 N__6 0 File="D:\DBTech\21EC33002\capacitors\0603\CAP_VIS_0603_001_20milRogers4003C_6p8pF_model.s2p" Type="touchstone" Block="cap_150pF" InterpMode="linear" InterpDom="" ExtrapMode="constant" Temp=27.0 CheckPassivity=0 
MLIN2:TL13  N__47 N__40 Subst="MSub1" W=wa mm L=l1 mm Wall1=2.5000000000000002e+28 mm Wall2=2.5000000000000002e+28 mm Mod=1 
#uselib "ckt" , "S2P"
S2P:SNP38  N__33 0 N__48 File="D:\DBTech\21EC33002\inductors\LQG15HS22NH02_series_22nH.s2p" Type="touchstone" Block="ind_270nH" InterpMode="linear" InterpDom="" ExtrapMode="constant" Temp=27.0 CheckPassivity=0 
#uselib "nxp_rf_smallSignal" , "rfss_v2_4_lib_bap64_02_spice_schematic"
"rfss_v2_4_lib_bap64_02_spice_schematic":D8  N__42 N__46 
Port:Term11  N__29 0 Num=9 Z=50 Ohm Noise=yes 
V_Source:SRC6  N__53 0 Type="V_DC" Vdc=0 V SaveCurrent=1 
R:R5  N__49 N__45 R=500 Ohm Noise=yes 
Port:TermG10  N__57 0 Num=10 Z=50 Ohm Noise=yes 
V_Source:SRC5  N__49 0 Type="V_DC" Vdc=4.6 V SaveCurrent=1 
Short:X2  N__32 N__63 Mode=0 SaveCurrent=no
#uselib "ckt" , "S2P"
S2P:SNP39  N__42 0 N__54 File="D:\DBTech\21EC33002\inductors\LQG15HS22NH02_series_22nH.s2p" Type="touchstone" Block="ind_270nH" InterpMode="linear" InterpDom="" ExtrapMode="constant" Temp=27.0 CheckPassivity=0 
R:R6  N__53 N__6 R=500 Ohm Noise=yes 
Short:DC_Block2  N__51 N__55 Mode=1 
Port:Term12  N__51 0 Num=11 Z=50 Ohm Noise=yes 
Port:TermG11  N__56 0 Num=12 Z=50 Ohm Noise=yes 
Short:DC_Block3  N__38 N__56 Mode=1 
Short:DC_Block4  N__37 N__57 Mode=1 
#uselib "ckt" , "S2P"
S2P:SNP43  N__63 0 0 File="D:\DBTech\21EC33002\inductors\LQG15HS47NJ02_series_47nH.s2p" Type="touchstone" Block="18nH" InterpMode="linear" InterpDom="" ExtrapMode="constant" Temp=27.0 CheckPassivity=0 
Short:X3  N__50 N__61 Mode=0 SaveCurrent=no
Port:TermG8  N__58 0 Num=8 Z=50 Ohm Noise=yes 
Port:TermG7  N__30 0 Num=7 Z=100 Ohm Noise=yes 
#uselib "ckt" , "S2P"
S2P:SNP29  0 N__28 0 File="D:\DBTech\21EC33002\capacitors\0603\CAP_VIS_0603_001_20milRogers4003C_4p3pF_model.s2p" Type="touchstone" Block="4.3 pF" InterpMode="linear" InterpDom="" ExtrapMode="constant" Temp=27.0 CheckPassivity=0 
#uselib "ckt" , "S2P"
S2P:SNP32  N__28 N__35 0 File="D:\DBTech\21EC33002\inductors\LQG15HS12NH02_series_12nH.s2p" Type="touchstone" Block="18nH" InterpMode="linear" InterpDom="" ExtrapMode="constant" Temp=27.0 CheckPassivity=0 
#uselib "ckt" , "S2P"
S2P:SNP42  N__61 0 0 File="D:\DBTech\21EC33002\inductors\LQG15HS47NJ02_series_47nH.s2p" Type="touchstone" Block="18nH" InterpMode="linear" InterpDom="" ExtrapMode="constant" Temp=27.0 CheckPassivity=0 
#uselib "ckt" , "S2P"
S2P:SNP41  N__61 N__58 N__43 File="D:\DBTech\21EC33002\capacitors\0603\CAP_VIS_0603_001_20milRogers4003C_6p2pF_model.s2p" Type="touchstone" Block="cap_6.8pF" InterpMode="linear" InterpDom="" ExtrapMode="constant" Temp=27.0 CheckPassivity=0 
#uselib "ckt" , "S2P"
S2P:SNP31  N__36 N__61 0 File="D:\DBTech\21EC33002\capacitors\0603\CAP_VIS_0603_001_20milRogers4003C_6p8pF_model.s2p" Type="touchstone" Block="cap_6.8pF" InterpMode="linear" InterpDom="" ExtrapMode="constant" Temp=27.0 CheckPassivity=0 
#uselib "ckt" , "S2P"
S2P:SNP33  N__30 N__35 0 File="D:\DBTech\21EC33002\capacitors\0603\CAP_VIS_0603_001_20milRogers4003C_6p2pF_model.s2p" Type="touchstone" Block="cap_6.8pF" InterpMode="linear" InterpDom="" ExtrapMode="constant" Temp=27.0 CheckPassivity=0 
#uselib "ckt" , "S2P"
S2P:SNP30  N__35 N__36 0 File="D:\DBTech\21EC33002\inductors\LQG15HS12NH02_series_12nH.s2p" Type="touchstone" Block="ind_270nH" InterpMode="linear" InterpDom="" ExtrapMode="constant" Temp=27.0 CheckPassivity=0 
R:R4  N__26 N__28 R=300 Ohm Noise=yes 
#uselib "nxp_rf_smallSignal" , "rfss_v2_4_lib_bap64_02_spice_schematic"
"rfss_v2_4_lib_bap64_02_spice_schematic":D6  N__50 N__35 
V_Source:SRC4  N__26 0 Type="V_DC" Vdc=0 V SaveCurrent=1 
V_Source:SRC7  N__380 0 Type="V_DC" Vdc=5 V SaveCurrent=1 
#uselib "ckt" , "S2P"
S2P:SNP47  N__369 N__371 0 File="D:\DBTech\21EC33002\inductors\LQG15HS8N2J02_series_8_2nH.s2p" Type="touchstone" Block="8.2 nH" InterpMode="linear" InterpDom="" ExtrapMode="constant" Temp=27.0 CheckPassivity=0 
Port:TermG13  N__374 0 Num=14 Z=50 Ohm Noise=yes 
#uselib "ckt" , "S2P"
S2P:SNP45  N__77 N__362 0 File="D:\DBTech\21EC33002\capacitors\0603\CAP_VIS_0603_001_20milRogers4003C_6p2pF_model.s2p" Type="touchstone" Block="6.2 pF" InterpMode="linear" InterpDom="" ExtrapMode="constant" Temp=27.0 CheckPassivity=0 
Port:TermG12  N__77 0 Num=13 Z=50 Ohm Noise=yes 
#uselib "ckt" , "S2P"
S2P:SNP52  N__389 N__384 0 File="D:\DBTech\21EC33002\capacitors\0603\CAP_VIS_0603_001_20milRogers4003C_6p8pF_model.s2p" Type="touchstone" Block="6.8 pF" InterpMode="linear" InterpDom="" ExtrapMode="constant" Temp=27.0 CheckPassivity=0 
#uselib "ckt" , "S2P"
S2P:SNP51  N__392 N__391 0 File="D:\DBTech\21EC33002\inductors\LQG15HS12NH02_series_12nH.s2p" Type="touchstone" Block="12 nH" InterpMode="linear" InterpDom="" ExtrapMode="constant" Temp=27.0 CheckPassivity=0 
#uselib "ckt" , "S2P"
S2P:SNP40  N__63 N__41 N__44 File="D:\DBTech\21EC33002\capacitors\0603\CAP_VIS_0603_001_20milRogers4003C_6p2pF_model.s2p" Type="touchstone" Block="cap_6.8pF" InterpMode="linear" InterpDom="" ExtrapMode="constant" Temp=27.0 CheckPassivity=0 
#uselib "ckt" , "S2P"
S2P:SNP15  N__23 N__34 0 File="D:\DBTech\21EC33002\capacitors\0603\CAP_VIS_0603_001_20milRogers4003C_6p2pF_model.s2p" Type="touchstone" Block="cap_6.8pF" InterpMode="linear" InterpDom="" ExtrapMode="constant" Temp=27.0 CheckPassivity=0 
#uselib "ckt" , "S2P"
S2P:SNP46  N__375 N__374 N__284 File="D:\DBTech\21EC33002\capacitors\0603\CAP_VIS_0603_001_20milRogers4003C_6p2pF_model.s2p" Type="touchstone" Block="6.2 pF" InterpMode="linear" InterpDom="" ExtrapMode="constant" Temp=27.0 CheckPassivity=0 
R:R7  N__383 N__381 R=350 Ohm Noise=yes 
#uselib "ckt" , "S2P"
S2P:SNP49  N__377 N__367 0 File="D:\DBTech\21EC33002\inductors\LQG15HS5N1S02_series_5_1nH.s2p" Type="touchstone" Block="5.1 nH" InterpMode="linear" InterpDom="" ExtrapMode="constant" Temp=27.0 CheckPassivity=0 
#uselib "ckt" , "S2P"
S2P:SNP50  N__358 N__395 0 File="D:\DBTech\21EC33002\capacitors\0603\CAP_VIS_0603_001_20milRogers4003C_3p9pF_model.s2p" Type="touchstone" Block="3.9 pF" InterpMode="linear" InterpDom="" ExtrapMode="constant" Temp=27.0 CheckPassivity=0 
Port:Term15  N__383 N__380 Num=15 Z=50 Ohm Noise=yes 
final_march10:X4  N__394 N__389 N__360 N__384 N__385 N__388 N__391 N__392 N__393 N__379 0 N__386 N__359 N__387 N__362 N__77 N__365 N__370 N__364 N__390 N__285 N__374 N__375 N__363 N__377 N__367 N__378 N__395 N__358 N__366 N__368 N__369 N__371 N__372 N__373 0 N__381 N__383 
#uselib "nxp_rf_smallSignal" , "rfss_v2_4_lib_bap64_02_spice_schematic"
"rfss_v2_4_lib_bap64_02_spice_schematic":D12  N__390 N__364 
